<?xml version="1.0" encoding="UTF-8"?>
<!-- Generated by org.testng.reporters.JUnitReportReporter -->
<testsuite skipped="0" hostname="sks-PC" name="Script.TestScript" tests="10" failures="0" timestamp="2020-11-27T13:45:47 IST" time="9.708" errors="0">
  <testcase name="ValidateCreateaccount" time="0.081" classname="Script.TestScript"/>
  <system-out/>
  <testcase name="ValidateDay" time="4.596" classname="Script.TestScript"/>
  <system-out/>
  <testcase name="ValidateCreate" time="0.574" classname="Script.TestScript"/>
  <system-out/>
  <testcase name="validateSurname" time="0.145" classname="Script.TestScript"/>
  <system-out/>
  <testcase name="Validateyear" time="0.112" classname="Script.TestScript"/>
  <system-out/>
  <testcase name="validateFirstname" time="3.768" classname="Script.TestScript"/>
  <system-out/>
  <testcase name="ValidateRadio" time="0.233" classname="Script.TestScript"/>
  <system-out/>
  <testcase name="ValidateUrl" time="0.008" classname="Script.TestScript"/>
  <system-out/>
  <testcase name="ValidateMonth" time="0.185" classname="Script.TestScript"/>
  <system-out/>
  <testcase name="ValidateTitle" time="0.006" classname="Script.TestScript"/>
  <system-out/>
</testsuite> <!-- Script.TestScript -->
